traversing english subtitle...
null
[ '00:00:00,160 --> 00:00:03,058' ]
timeline:00:00:00,160 --> 00:00:03,058
null
null
null
[ '00:00:07,068 --> 00:00:09,316' ]
timeline:00:00:07,068 --> 00:00:09,316
null
null
null
[ '00:00:09,316 --> 00:00:12,218' ]
timeline:00:00:09,316 --> 00:00:12,218
null
null
null
[ '00:00:12,218 --> 00:00:15,787' ]
timeline:00:00:12,218 --> 00:00:15,787
null
null
null
null
[ '00:00:15,787 --> 00:00:19,721' ]
timeline:00:00:15,787 --> 00:00:19,721
null
null
null
null
[ '00:00:20,621 --> 00:00:24,457' ]
timeline:00:00:20,621 --> 00:00:24,457
null
null
null
null
[ '00:00:24,457 --> 00:00:28,036' ]
timeline:00:00:24,457 --> 00:00:28,036
null
null
null
null
[ '00:00:28,036 --> 00:00:29,826' ]
timeline:00:00:28,036 --> 00:00:29,826
null
null
null
[ '00:00:29,826 --> 00:00:31,995' ]
timeline:00:00:29,826 --> 00:00:31,995
null
null
null
[ '00:00:31,995 --> 00:00:33,921' ]
timeline:00:00:31,995 --> 00:00:33,921
null
null
null
[ '00:00:33,921 --> 00:00:35,731' ]
timeline:00:00:33,921 --> 00:00:35,731
null
null
null
[ '00:00:35,731 --> 00:00:38,634' ]
timeline:00:00:35,731 --> 00:00:38,634
null
null
null
null
[ '00:00:38,634 --> 00:00:40,168' ]
timeline:00:00:38,634 --> 00:00:40,168
null
null
null
[ '00:00:40,168 --> 00:00:42,792' ]
timeline:00:00:40,168 --> 00:00:42,792
null
null
null
null
[ '00:00:42,792 --> 00:00:44,651' ]
timeline:00:00:42,792 --> 00:00:44,651
null
null
null
[ '00:00:44,651 --> 00:00:47,214' ]
timeline:00:00:44,651 --> 00:00:47,214
null
null
null
null
[ '00:00:47,214 --> 00:00:48,934' ]
timeline:00:00:47,214 --> 00:00:48,934
null
null
null
null
[ '00:00:48,934 --> 00:00:52,340' ]
timeline:00:00:48,934 --> 00:00:52,340
null
null
null
null
[ '00:00:52,340 --> 00:00:54,158' ]
timeline:00:00:52,340 --> 00:00:54,158
null
null
null
[ '00:00:54,158 --> 00:00:57,279' ]
timeline:00:00:54,158 --> 00:00:57,279
null
null
null
null
[ '00:00:57,279 --> 00:00:59,282' ]
timeline:00:00:57,279 --> 00:00:59,282
null
null
null
null
[ '00:00:59,282 --> 00:01:01,783' ]
timeline:00:00:59,282 --> 00:01:01,783
null
null
null
[ '00:01:01,783 --> 00:01:03,784' ]
timeline:00:01:01,783 --> 00:01:03,784
null
null
null
[ '00:01:03,784 --> 00:01:05,551' ]
timeline:00:01:03,784 --> 00:01:05,551
null
null
null
[ '00:01:05,551 --> 00:01:08,622' ]
timeline:00:01:05,551 --> 00:01:08,622
null
null
null
null
[ '00:01:08,622 --> 00:01:11,655' ]
timeline:00:01:08,622 --> 00:01:11,655
null
null
null
[ '00:01:11,655 --> 00:01:14,325' ]
timeline:00:01:11,655 --> 00:01:14,325
null
null
null
[ '00:01:14,325 --> 00:01:17,760' ]
timeline:00:01:14,325 --> 00:01:17,760
null
null
null
null
[ '00:01:17,760 --> 00:01:20,558' ]
timeline:00:01:17,760 --> 00:01:20,558
null
null
null
null
[ '00:01:20,558 --> 00:01:22,924' ]
timeline:00:01:20,558 --> 00:01:22,924
null
null
null
[ '00:01:22,924 --> 00:01:27,265' ]
timeline:00:01:22,924 --> 00:01:27,265
null
null
null
null
[ '00:01:27,265 --> 00:01:30,199' ]
timeline:00:01:27,265 --> 00:01:30,199
null
null
null
null
[ '00:01:30,199 --> 00:01:33,499' ]
timeline:00:01:30,199 --> 00:01:33,499
null
null
null
null
[ '00:01:33,499 --> 00:01:35,048' ]
timeline:00:01:33,499 --> 00:01:35,048
null
null
null
[ '00:01:35,048 --> 00:01:38,239' ]
timeline:00:01:35,048 --> 00:01:38,239
null
null
null
null
[ '00:01:38,239 --> 00:01:40,373' ]
timeline:00:01:38,239 --> 00:01:40,373
null
null
null
[ '00:01:40,373 --> 00:01:42,577' ]
timeline:00:01:40,373 --> 00:01:42,577
null
null
null
null
[ '00:01:42,577 --> 00:01:45,212' ]
timeline:00:01:42,577 --> 00:01:45,212
null
null
null
null
[ '00:01:45,212 --> 00:01:48,015' ]
timeline:00:01:45,212 --> 00:01:48,015
null
null
null
null
[ '00:01:48,015 --> 00:01:50,729' ]
timeline:00:01:48,015 --> 00:01:50,729
null
null
null
null
[ '00:01:51,869 --> 00:01:55,505' ]
timeline:00:01:51,869 --> 00:01:55,505
null
null
null
null
[ '00:01:55,505 --> 00:01:57,666' ]
timeline:00:01:55,505 --> 00:01:57,666
null
null
null
null
[ '00:01:57,666 --> 00:02:02,822' ]
timeline:00:01:57,666 --> 00:02:02,822
null
null
null
null
[ '00:02:02,822 --> 00:02:05,561' ]
timeline:00:02:02,822 --> 00:02:05,561
null
null
null
[ '00:02:05,561 --> 00:02:08,691' ]
timeline:00:02:05,561 --> 00:02:08,691
null
null
null
null
[ '00:02:08,691 --> 00:02:11,554' ]
timeline:00:02:08,691 --> 00:02:11,554
null
null
null
null
[ '00:02:11,554 --> 00:02:13,261' ]
timeline:00:02:11,554 --> 00:02:13,261
null
null
null
[ '00:02:13,261 --> 00:02:16,231' ]
timeline:00:02:13,261 --> 00:02:16,231
null
null
null
null
[ '00:02:16,231 --> 00:02:18,697' ]
timeline:00:02:16,231 --> 00:02:18,697
null
null
null
[ '00:02:18,697 --> 00:02:20,923' ]
timeline:00:02:18,697 --> 00:02:20,923
null
null
null
[ '00:02:20,923 --> 00:02:22,671' ]
timeline:00:02:20,923 --> 00:02:22,671
null
null
null
[ '00:02:22,671 --> 00:02:26,602' ]
timeline:00:02:22,671 --> 00:02:26,602
null
null
null
null
[ '00:02:26,602 --> 00:02:29,406' ]
timeline:00:02:26,602 --> 00:02:29,406
null
null
null
null
[ '00:02:29,406 --> 00:02:31,040' ]
timeline:00:02:29,406 --> 00:02:31,040
null
null
null
[ '00:02:31,040 --> 00:02:33,041' ]
timeline:00:02:31,040 --> 00:02:33,041
null
null
null
[ '00:02:33,041 --> 00:02:35,099' ]
timeline:00:02:33,041 --> 00:02:35,099
null
null
null
null
[ '00:02:35,099 --> 00:02:37,156' ]
timeline:00:02:35,099 --> 00:02:37,156
null
null
null
[ '00:02:38,986 --> 00:02:41,656' ]
timeline:00:02:38,986 --> 00:02:41,656
null
null
null
[ '00:02:41,656 --> 00:02:43,314' ]
timeline:00:02:41,656 --> 00:02:43,314
null
null
null
[ '00:02:43,314 --> 00:02:45,861' ]
timeline:00:02:43,314 --> 00:02:45,861
null
null
null
null
[ '00:02:45,861 --> 00:02:47,783' ]
timeline:00:02:45,861 --> 00:02:47,783
null
null
null
[ '00:02:47,783 --> 00:02:49,785' ]
timeline:00:02:47,783 --> 00:02:49,785
null
null
null
[ '00:02:49,785 --> 00:02:52,700' ]
timeline:00:02:49,785 --> 00:02:52,700
null
null
null
[ '00:02:52,700 --> 00:02:55,222' ]
timeline:00:02:52,700 --> 00:02:55,222
null
null
null
null
[ '00:02:55,222 --> 00:02:58,326' ]
timeline:00:02:55,222 --> 00:02:58,326
null
null
null
null
[ '00:02:58,326 --> 00:03:01,460' ]
timeline:00:02:58,326 --> 00:03:01,460
null
null
null
null
[ '00:03:01,460 --> 00:03:03,328' ]
timeline:00:03:01,460 --> 00:03:03,328
null
null
null
[ '00:03:03,328 --> 00:03:06,436' ]
timeline:00:03:03,328 --> 00:03:06,436
null
null
null
null
[ '00:03:06,436 --> 00:03:08,127' ]
timeline:00:03:06,436 --> 00:03:08,127
null
null
null
[ '00:03:08,127 --> 00:03:11,008' ]
timeline:00:03:08,127 --> 00:03:11,008
null
null
null
null
[ '00:03:12,836 --> 00:03:15,931' ]
timeline:00:03:12,836 --> 00:03:15,931
null
null
null
null
[ '00:03:15,931 --> 00:03:18,535' ]
timeline:00:03:15,931 --> 00:03:18,535
null
null
null
null
[ '00:03:18,535 --> 00:03:21,751' ]
timeline:00:03:18,535 --> 00:03:21,751
null
null
null
null
[ '00:03:21,751 --> 00:03:24,707' ]
timeline:00:03:21,751 --> 00:03:24,707
null
null
null
null
[ '00:03:24,707 --> 00:03:28,020' ]
timeline:00:03:24,707 --> 00:03:28,020
null
null
null
null
[ '00:03:28,020 --> 00:03:30,346' ]
timeline:00:03:28,020 --> 00:03:30,346
null
null
null
null
[ '00:03:30,346 --> 00:03:31,943' ]
timeline:00:03:30,346 --> 00:03:31,943
null
null
null
[ '00:03:31,943 --> 00:03:34,179' ]
timeline:00:03:31,943 --> 00:03:34,179
null
null
null
[ '00:03:34,179 --> 00:03:37,181' ]
timeline:00:03:34,179 --> 00:03:37,181
null
null
null
null
[ '00:03:37,181 --> 00:03:41,383' ]
timeline:00:03:37,181 --> 00:03:41,383
null
null
null
null
[ '00:03:41,383 --> 00:03:43,649' ]
timeline:00:03:41,383 --> 00:03:43,649
null
null
null
[ '00:03:43,649 --> 00:03:46,397' ]
timeline:00:03:43,649 --> 00:03:46,397
null
null
null
[ '00:03:46,397 --> 00:03:48,419' ]
timeline:00:03:46,397 --> 00:03:48,419
null
null
null
[ '00:03:49,039 --> 00:03:51,520' ]
timeline:00:03:49,039 --> 00:03:51,520
null
null
null
null
[ '00:03:51,520 --> 00:03:53,841' ]
timeline:00:03:51,520 --> 00:03:53,841
null
null
null
null
[ '00:03:53,841 --> 00:03:56,690' ]
timeline:00:03:53,841 --> 00:03:56,690
null
null
null
null
[ '00:03:56,690 --> 00:03:59,363' ]
timeline:00:03:56,690 --> 00:03:59,363
null
null
null
null
[ '00:03:59,363 --> 00:04:01,264' ]
timeline:00:03:59,363 --> 00:04:01,264
null
null
null
[ '00:04:01,264 --> 00:04:04,499' ]
timeline:00:04:01,264 --> 00:04:04,499
null
null
null
null
[ '00:04:06,549 --> 00:04:09,969' ]
timeline:00:04:06,549 --> 00:04:09,969
null
null
null
null
[ '00:04:09,969 --> 00:04:11,634' ]
timeline:00:04:09,969 --> 00:04:11,634
null
null
null
[ '00:04:11,634 --> 00:04:14,035' ]
timeline:00:04:11,634 --> 00:04:14,035
null
null
null
null
[ '00:04:14,035 --> 00:04:16,469' ]
timeline:00:04:14,035 --> 00:04:16,469
null
null
null
null
[ '00:04:16,469 --> 00:04:17,979' ]
timeline:00:04:16,469 --> 00:04:17,979
null
null
null
[ '00:04:17,979 --> 00:04:19,953' ]
timeline:00:04:17,979 --> 00:04:19,953
null
null
null
[ '00:04:19,953 --> 00:04:22,945' ]
timeline:00:04:19,953 --> 00:04:22,945
null
null
null
null
[ '00:04:22,945 --> 00:04:27,113' ]
timeline:00:04:22,945 --> 00:04:27,113
null
null
null
null
[ '00:04:27,113 --> 00:04:28,565' ]
timeline:00:04:27,113 --> 00:04:28,565
null
null
null
[ '00:04:28,565 --> 00:04:31,946' ]
timeline:00:04:28,565 --> 00:04:31,946
null
null
null
null
[ '00:04:31,946 --> 00:04:34,252' ]
timeline:00:04:31,946 --> 00:04:34,252
null
null
null
[ '00:04:34,252 --> 00:04:38,121' ]
timeline:00:04:34,252 --> 00:04:38,121
null
null
null
null
[ '00:04:38,121 --> 00:04:39,857' ]
timeline:00:04:38,121 --> 00:04:39,857
null
null
null
[ '00:04:39,857 --> 00:04:42,730' ]
timeline:00:04:39,857 --> 00:04:42,730
null
null
null
null
[ '00:04:42,730 --> 00:04:45,303' ]
timeline:00:04:42,730 --> 00:04:45,303
null
null
null
[ '00:04:45,303 --> 00:04:47,456' ]
timeline:00:04:45,303 --> 00:04:47,456
null
null
null
null
[ '00:04:47,456 --> 00:04:49,825' ]
timeline:00:04:47,456 --> 00:04:49,825
null
null
null
null
[ '00:04:49,825 --> 00:04:53,134' ]
timeline:00:04:49,825 --> 00:04:53,134
null
null
null
null
[ '00:04:53,134 --> 00:04:55,678' ]
timeline:00:04:53,134 --> 00:04:55,678
null
null
null
null
[ '00:04:55,678 --> 00:04:58,113' ]
timeline:00:04:55,678 --> 00:04:58,113
null
null
null
[ '00:05:00,503 --> 00:05:02,937' ]
timeline:00:05:00,503 --> 00:05:02,937
null
null
null
[ '00:05:02,937 --> 00:05:06,437' ]
timeline:00:05:02,937 --> 00:05:06,437
null
null
null
null
[ '00:05:06,437 --> 00:05:07,804' ]
timeline:00:05:06,437 --> 00:05:07,804
null
null
null
[ '00:05:07,804 --> 00:05:10,670' ]
timeline:00:05:07,804 --> 00:05:10,670
null
null
null
[ '00:05:10,670 --> 00:05:13,108' ]
timeline:00:05:10,670 --> 00:05:13,108
null
null
null
null
[ '00:05:13,108 --> 00:05:15,647' ]
timeline:00:05:13,108 --> 00:05:15,647
null
null
null
[ '00:05:15,647 --> 00:05:19,483' ]
timeline:00:05:15,647 --> 00:05:19,483
null
null
null
null
[ '00:05:19,483 --> 00:05:21,530' ]
timeline:00:05:19,483 --> 00:05:21,530
null
null
null
[ '00:05:21,530 --> 00:05:24,938' ]
timeline:00:05:21,530 --> 00:05:24,938
null
null
null
null
[ '00:05:24,938 --> 00:05:27,755' ]
timeline:00:05:24,938 --> 00:05:27,755
null
null
null
null
[ '00:05:27,755 --> 00:05:31,422' ]
timeline:00:05:27,755 --> 00:05:31,422
null
null
null
null
[ '00:05:31,422 --> 00:05:34,725' ]
timeline:00:05:31,422 --> 00:05:34,725
null
null
null
null
[ '00:05:34,725 --> 00:05:37,410' ]
timeline:00:05:34,725 --> 00:05:37,410
null
null
null
null
[ '00:05:37,410 --> 00:05:39,123' ]
timeline:00:05:37,410 --> 00:05:39,123
null
null
null
[ '00:05:39,123 --> 00:05:42,243' ]
timeline:00:05:39,123 --> 00:05:42,243
null
null
null
null
[ '00:05:44,673 --> 00:05:48,066' ]
timeline:00:05:44,673 --> 00:05:48,066
null
null
null
null
[ '00:05:48,066 --> 00:05:49,701' ]
timeline:00:05:48,066 --> 00:05:49,701
null
null
null
[ '00:05:49,701 --> 00:05:52,703' ]
timeline:00:05:49,701 --> 00:05:52,703
null
null
null
null
[ '00:05:52,703 --> 00:05:55,767' ]
timeline:00:05:52,703 --> 00:05:55,767
null
null
null
null
[ '00:05:55,767 --> 00:05:57,507' ]
timeline:00:05:55,767 --> 00:05:57,507
null
null
null
[ '00:05:57,507 --> 00:06:01,073' ]
timeline:00:05:57,507 --> 00:06:01,073
null
null
null
null
[ '00:06:01,073 --> 00:06:04,777' ]
timeline:00:06:01,073 --> 00:06:04,777
null
null
null
[ '00:06:04,777 --> 00:06:08,578' ]
timeline:00:06:04,777 --> 00:06:08,578
null
null
null
null
[ '00:06:08,578 --> 00:06:11,514' ]
timeline:00:06:08,578 --> 00:06:11,514
null
null
null
null
[ '00:06:11,514 --> 00:06:15,411' ]
timeline:00:06:11,514 --> 00:06:15,411
null
null
null
null
[ '00:06:15,411 --> 00:06:16,952' ]
timeline:00:06:15,411 --> 00:06:16,952
null
null
null
[ '00:06:16,952 --> 00:06:19,354' ]
timeline:00:06:16,952 --> 00:06:19,354
null
null
null
null
[ '00:06:19,354 --> 00:06:21,387' ]
timeline:00:06:19,354 --> 00:06:21,387
null
null
null
[ '00:06:21,387 --> 00:06:23,821' ]
timeline:00:06:21,387 --> 00:06:23,821
null
null
null
null
[ '00:06:23,821 --> 00:06:27,082' ]
timeline:00:06:23,821 --> 00:06:27,082
null
null
null
null
[ '00:06:29,232 --> 00:06:31,927' ]
timeline:00:06:29,232 --> 00:06:31,927
null
null
null
[ '00:06:31,927 --> 00:06:36,001' ]
timeline:00:06:31,927 --> 00:06:36,001
null
null
null
null
[ '00:06:36,001 --> 00:06:38,100' ]
timeline:00:06:36,001 --> 00:06:38,100
null
null
null
[ '00:06:38,100 --> 00:06:40,269' ]
timeline:00:06:38,100 --> 00:06:40,269
null
null
null
[ '00:06:40,269 --> 00:06:43,602' ]
timeline:00:06:40,269 --> 00:06:43,602
null
null
null
null
[ '00:06:43,602 --> 00:06:46,403' ]
timeline:00:06:43,602 --> 00:06:46,403
null
null
null
[ '00:06:46,403 --> 00:06:48,138' ]
timeline:00:06:46,403 --> 00:06:48,138
null
null
null
[ '00:06:48,138 --> 00:06:50,205' ]
timeline:00:06:48,138 --> 00:06:50,205
null
null
null
[ '00:06:50,205 --> 00:06:52,743' ]
timeline:00:06:50,205 --> 00:06:52,743
null
null
null
null
[ '00:06:52,743 --> 00:06:56,712' ]
timeline:00:06:52,743 --> 00:06:56,712
null
null
null
null
[ '00:06:56,712 --> 00:06:59,191' ]
timeline:00:06:56,712 --> 00:06:59,191
null
null
null
[ '00:06:59,191 --> 00:07:01,913' ]
timeline:00:06:59,191 --> 00:07:01,913
null
null
null
null
[ '00:07:01,913 --> 00:07:04,250' ]
timeline:00:07:01,913 --> 00:07:04,250
null
null
null
null
[ '00:07:04,250 --> 00:07:06,951' ]
timeline:00:07:04,250 --> 00:07:06,951
null
null
null
null
[ '00:07:06,951 --> 00:07:09,915' ]
timeline:00:07:06,951 --> 00:07:09,915
null
null
null
null
[ '00:07:09,915 --> 00:07:12,508' ]
timeline:00:07:09,915 --> 00:07:12,508
null
null
null
null
[ '00:07:12,508 --> 00:07:13,966' ]
timeline:00:07:12,508 --> 00:07:13,966
null
null
null
[ '00:07:13,966 --> 00:07:16,222' ]
timeline:00:07:13,966 --> 00:07:16,222
null
null
null
null
[ '00:07:16,222 --> 00:07:18,257' ]
timeline:00:07:16,222 --> 00:07:18,257
null
null
null
[ '00:07:18,257 --> 00:07:19,857' ]
timeline:00:07:18,257 --> 00:07:19,857
null
null
null
[ '00:07:19,857 --> 00:07:22,861' ]
timeline:00:07:19,857 --> 00:07:22,861
null
null
null
null
[ '00:07:22,861 --> 00:07:25,228' ]
timeline:00:07:22,861 --> 00:07:25,228
null
null
null
null
[ '00:07:25,228 --> 00:07:27,730' ]
timeline:00:07:25,228 --> 00:07:27,730
null
null
null
null
[ '00:07:27,730 --> 00:07:30,333' ]
timeline:00:07:27,730 --> 00:07:30,333
null
null
null
null
[ '00:07:30,333 --> 00:07:32,235' ]
timeline:00:07:30,333 --> 00:07:32,235
null
null
null
null
[ '00:07:32,235 --> 00:07:34,377' ]
timeline:00:07:32,235 --> 00:07:34,377
null
null
null
[ '00:07:34,377 --> 00:07:36,435' ]
timeline:00:07:34,377 --> 00:07:36,435
null
null
null
[ '00:07:36,435 --> 00:07:38,403' ]
timeline:00:07:36,435 --> 00:07:38,403
null
null
null
[ '00:07:38,403 --> 00:07:41,805' ]
timeline:00:07:38,403 --> 00:07:41,805
null
null
null
null
[ '00:07:41,805 --> 00:07:43,808' ]
timeline:00:07:41,805 --> 00:07:43,808
null
null
null
[ '00:07:43,808 --> 00:07:47,028' ]
timeline:00:07:43,808 --> 00:07:47,028
null
null
null
null
[ '00:07:47,028 --> 00:07:51,147' ]
timeline:00:07:47,028 --> 00:07:51,147
null
null
null
null
[ '00:07:51,147 --> 00:07:54,813' ]
timeline:00:07:51,147 --> 00:07:54,813
null
null
null
null
[ '00:07:54,813 --> 00:07:58,300' ]
timeline:00:07:54,813 --> 00:07:58,300
null
null
null
null
[ '00:07:58,960 --> 00:08:01,417' ]
timeline:00:07:58,960 --> 00:08:01,417
null
null
null
[ '00:08:01,417 --> 00:08:03,386' ]
timeline:00:08:01,417 --> 00:08:03,386
null
null
null
[ '00:08:03,386 --> 00:08:07,136' ]
timeline:00:08:03,386 --> 00:08:07,136
null
null
null
null
[ '00:08:07,136 --> 00:08:09,646' ]
timeline:00:08:07,136 --> 00:08:09,646
null
null
null
null
[ '00:08:09,646 --> 00:08:13,057' ]
timeline:00:08:09,646 --> 00:08:13,057
null
null
null
null
[ '00:08:13,057 --> 00:08:16,727' ]
timeline:00:08:13,057 --> 00:08:16,727
null
null
null
null
[ '00:08:16,727 --> 00:08:20,129' ]
timeline:00:08:16,727 --> 00:08:20,129
null
null
null
null
[ '00:08:20,129 --> 00:08:24,297' ]
timeline:00:08:20,129 --> 00:08:24,297
null
null
null
null
[ '00:08:24,297 --> 00:08:27,667' ]
timeline:00:08:24,297 --> 00:08:27,667
null
null
null
null
[ '00:08:27,667 --> 00:08:30,611' ]
timeline:00:08:27,667 --> 00:08:30,611
null
null
null
null
[ '00:08:30,611 --> 00:08:32,801' ]
timeline:00:08:30,611 --> 00:08:32,801
null
null
null
[ '00:08:32,801 --> 00:08:35,470' ]
timeline:00:08:32,801 --> 00:08:35,470
null
null
null
[ '00:08:35,470 --> 00:08:37,696' ]
timeline:00:08:35,470 --> 00:08:37,696
null
null
null
null
[ '00:08:37,696 --> 00:08:41,238' ]
timeline:00:08:37,696 --> 00:08:41,238
null
null
null
null
[ '00:08:41,238 --> 00:08:43,366' ]
timeline:00:08:41,238 --> 00:08:43,366
null
null
null
null
[ '00:08:43,366 --> 00:08:46,515' ]
timeline:00:08:43,366 --> 00:08:46,515
null
null
null
null
[ '00:08:46,515 --> 00:08:48,749' ]
timeline:00:08:46,515 --> 00:08:48,749
null
null
null
[ '00:08:48,749 --> 00:08:52,149' ]
timeline:00:08:48,749 --> 00:08:52,149
null
null
null
null
[ '00:08:52,149 --> 00:08:54,652' ]
timeline:00:08:52,149 --> 00:08:54,652
null
null
null
[ '00:08:54,652 --> 00:08:56,586' ]
timeline:00:08:54,652 --> 00:08:56,586
null
null
null
[ '00:08:56,586 --> 00:08:59,055' ]
timeline:00:08:56,586 --> 00:08:59,055
null
null
null
null
[ '00:08:59,055 --> 00:09:01,589' ]
timeline:00:08:59,055 --> 00:09:01,589
null
null
null
null
[ '00:09:01,589 --> 00:09:03,824' ]
timeline:00:09:01,589 --> 00:09:03,824
null
null
null
[ '00:09:03,824 --> 00:09:07,561' ]
timeline:00:09:03,824 --> 00:09:07,561
null
null
null
null
[ '00:09:07,561 --> 00:09:09,859' ]
timeline:00:09:07,561 --> 00:09:09,859
null
null
null
[ '00:09:09,859 --> 00:09:11,762' ]
timeline:00:09:09,859 --> 00:09:11,762
null
null
null
null
[ '00:09:11,762 --> 00:09:14,665' ]
timeline:00:09:11,762 --> 00:09:14,665
null
null
null
null
[ '00:09:14,665 --> 00:09:17,031' ]
timeline:00:09:14,665 --> 00:09:17,031
null
null
null
[ '00:09:19,091 --> 00:09:21,536' ]
timeline:00:09:19,091 --> 00:09:21,536
null
null
null
[ '00:09:21,536 --> 00:09:24,170' ]
timeline:00:09:21,536 --> 00:09:24,170
null
null
null
[ '00:09:24,170 --> 00:09:26,406' ]
timeline:00:09:24,170 --> 00:09:26,406
null
null
null
[ '00:09:26,406 --> 00:09:28,641' ]
timeline:00:09:26,406 --> 00:09:28,641
null
null
null
[ '00:09:28,641 --> 00:09:31,341' ]
timeline:00:09:28,641 --> 00:09:31,341
null
null
null
[ '00:09:31,341 --> 00:09:34,565' ]
timeline:00:09:31,341 --> 00:09:34,565
null
null
null
null
[ '00:09:34,565 --> 00:09:35,675' ]
timeline:00:09:34,565 --> 00:09:35,675
null
null
null
[ '00:09:35,675 --> 00:09:38,119' ]
timeline:00:09:35,675 --> 00:09:38,119
null
null
null
[ '00:09:38,781 --> 00:09:41,928' ]
timeline:00:09:38,781 --> 00:09:41,928
null
null
finished traversing english subtitle
traversing chinese subtitle...
null
[ '00:00:07,068 --> 00:00:09,316' ]
timeline:00:00:07,068 --> 00:00:09,316
null
null
null
[ '00:00:09,316 --> 00:00:12,218' ]
timeline:00:00:09,316 --> 00:00:12,218
null
null
null
[ '00:00:12,218 --> 00:00:15,787' ]
timeline:00:00:12,218 --> 00:00:15,787
null
null
null
[ '00:00:15,787 --> 00:00:19,721' ]
timeline:00:00:15,787 --> 00:00:19,721
null
null
null
null
[ '00:00:20,621 --> 00:00:24,457' ]
timeline:00:00:20,621 --> 00:00:24,457
null
null
null
[ '00:00:24,457 --> 00:00:28,036' ]
timeline:00:00:24,457 --> 00:00:28,036
null
null
null
[ '00:00:28,036 --> 00:00:31,790' ]
timeline:00:00:28,036 --> 00:00:31,790
null
null
null
[ '00:00:31,995 --> 00:00:33,921' ]
timeline:00:00:31,995 --> 00:00:33,921
null
null
null
[ '00:00:33,921 --> 00:00:35,731' ]
timeline:00:00:33,921 --> 00:00:35,731
null
null
null
[ '00:00:35,731 --> 00:00:38,634' ]
timeline:00:00:35,731 --> 00:00:38,634
null
null
null
[ '00:00:38,634 --> 00:00:40,168' ]
timeline:00:00:38,634 --> 00:00:40,168
null
null
null
[ '00:00:40,168 --> 00:00:42,792' ]
timeline:00:00:40,168 --> 00:00:42,792
null
null
null
[ '00:00:42,792 --> 00:00:44,651' ]
timeline:00:00:42,792 --> 00:00:44,651
null
null
null
[ '00:00:44,651 --> 00:00:47,214' ]
timeline:00:00:44,651 --> 00:00:47,214
null
null
null
[ '00:00:47,214 --> 00:00:48,934' ]
timeline:00:00:47,214 --> 00:00:48,934
null
null
null
[ '00:00:48,934 --> 00:00:52,340' ]
timeline:00:00:48,934 --> 00:00:52,340
null
null
null
[ '00:00:52,340 --> 00:00:54,158' ]
timeline:00:00:52,340 --> 00:00:54,158
null
null
null
[ '00:00:54,158 --> 00:00:57,279' ]
timeline:00:00:54,158 --> 00:00:57,279
null
null
null
[ '00:00:57,279 --> 00:01:01,518' ]
timeline:00:00:57,279 --> 00:01:01,518
null
null
null
[ '00:01:01,783 --> 00:01:03,784' ]
timeline:00:01:01,783 --> 00:01:03,784
null
null
null
[ '00:01:03,784 --> 00:01:05,551' ]
timeline:00:01:03,784 --> 00:01:05,551
null
null
null
[ '00:01:05,551 --> 00:01:08,622' ]
timeline:00:01:05,551 --> 00:01:08,622
null
null
null
[ '00:01:08,622 --> 00:01:11,655' ]
timeline:00:01:08,622 --> 00:01:11,655
null
null
null
[ '00:01:11,655 --> 00:01:14,325' ]
timeline:00:01:11,655 --> 00:01:14,325
null
null
null
[ '00:01:14,325 --> 00:01:17,760' ]
timeline:00:01:14,325 --> 00:01:17,760
null
null
null
[ '00:01:17,760 --> 00:01:20,558' ]
timeline:00:01:17,760 --> 00:01:20,558
null
null
null
[ '00:01:20,558 --> 00:01:22,924' ]
timeline:00:01:20,558 --> 00:01:22,924
null
null
null
[ '00:01:22,924 --> 00:01:27,265' ]
timeline:00:01:22,924 --> 00:01:27,265
null
null
null
[ '00:01:27,265 --> 00:01:30,199' ]
timeline:00:01:27,265 --> 00:01:30,199
null
null
null
[ '00:01:30,199 --> 00:01:33,499' ]
timeline:00:01:30,199 --> 00:01:33,499
null
null
null
[ '00:01:33,499 --> 00:01:35,048' ]
timeline:00:01:33,499 --> 00:01:35,048
null
null
null
[ '00:01:35,048 --> 00:01:38,239' ]
timeline:00:01:35,048 --> 00:01:38,239
null
null
null
[ '00:01:38,239 --> 00:01:40,373' ]
timeline:00:01:38,239 --> 00:01:40,373
null
null
null
[ '00:01:40,373 --> 00:01:42,577' ]
timeline:00:01:40,373 --> 00:01:42,577
null
null
null
[ '00:01:42,577 --> 00:01:45,212' ]
timeline:00:01:42,577 --> 00:01:45,212
null
null
null
[ '00:01:45,212 --> 00:01:48,015' ]
timeline:00:01:45,212 --> 00:01:48,015
null
null
null
[ '00:01:48,015 --> 00:01:50,729' ]
timeline:00:01:48,015 --> 00:01:50,729
null
null
null
[ '00:01:51,869 --> 00:01:55,505' ]
timeline:00:01:51,869 --> 00:01:55,505
null
null
null
null
[ '00:01:55,505 --> 00:01:57,666' ]
timeline:00:01:55,505 --> 00:01:57,666
null
null
null
[ '00:01:57,666 --> 00:02:02,822' ]
timeline:00:01:57,666 --> 00:02:02,822
null
null
null
[ '00:02:02,822 --> 00:02:05,561' ]
timeline:00:02:02,822 --> 00:02:05,561
null
null
null
[ '00:02:05,561 --> 00:02:08,691' ]
timeline:00:02:05,561 --> 00:02:08,691
null
null
null
[ '00:02:08,691 --> 00:02:11,554' ]
timeline:00:02:08,691 --> 00:02:11,554
null
null
null
[ '00:02:11,554 --> 00:02:13,261' ]
timeline:00:02:11,554 --> 00:02:13,261
null
null
null
[ '00:02:13,261 --> 00:02:20,718' ]
timeline:00:02:13,261 --> 00:02:20,718
null
null
null
null
[ '00:02:20,923 --> 00:02:22,671' ]
timeline:00:02:20,923 --> 00:02:22,671
null
null
null
[ '00:02:22,671 --> 00:02:26,602' ]
timeline:00:02:22,671 --> 00:02:26,602
null
null
null
[ '00:02:26,602 --> 00:02:29,406' ]
timeline:00:02:26,602 --> 00:02:29,406
null
null
null
[ '00:02:29,406 --> 00:02:31,040' ]
timeline:00:02:29,406 --> 00:02:31,040
null
null
null
[ '00:02:31,040 --> 00:02:33,041' ]
timeline:00:02:31,040 --> 00:02:33,041
null
null
null
[ '00:02:33,041 --> 00:02:38,858' ]
timeline:00:02:33,041 --> 00:02:38,858
null
null
null
[ '00:02:38,986 --> 00:02:41,656' ]
timeline:00:02:38,986 --> 00:02:41,656
null
null
null
[ '00:02:41,656 --> 00:02:43,314' ]
timeline:00:02:41,656 --> 00:02:43,314
null
null
null
[ '00:02:43,314 --> 00:02:47,534' ]
timeline:00:02:43,314 --> 00:02:47,534
null
null
null
null
[ '00:02:47,783 --> 00:02:49,785' ]
timeline:00:02:47,783 --> 00:02:49,785
null
null
null
[ '00:02:49,785 --> 00:02:52,700' ]
timeline:00:02:49,785 --> 00:02:52,700
null
null
null
[ '00:02:52,700 --> 00:02:55,222' ]
timeline:00:02:52,700 --> 00:02:55,222
null
null
null
[ '00:02:55,222 --> 00:02:58,326' ]
timeline:00:02:55,222 --> 00:02:58,326
null
null
null
[ '00:02:58,326 --> 00:03:01,460' ]
timeline:00:02:58,326 --> 00:03:01,460
null
null
null
[ '00:03:01,460 --> 00:03:03,328' ]
timeline:00:03:01,460 --> 00:03:03,328
null
null
null
[ '00:03:03,328 --> 00:03:07,910' ]
timeline:00:03:03,328 --> 00:03:07,910
null
null
null
null
[ '00:03:08,127 --> 00:03:11,008' ]
timeline:00:03:08,127 --> 00:03:11,008
null
null
null
[ '00:03:12,836 --> 00:03:15,931' ]
timeline:00:03:12,836 --> 00:03:15,931
null
null
null
[ '00:03:15,931 --> 00:03:18,535' ]
timeline:00:03:15,931 --> 00:03:18,535
null
null
null
[ '00:03:18,535 --> 00:03:21,751' ]
timeline:00:03:18,535 --> 00:03:21,751
null
null
null
[ '00:03:21,751 --> 00:03:24,707' ]
timeline:00:03:21,751 --> 00:03:24,707
null
null
null
[ '00:03:24,707 --> 00:03:28,020' ]
timeline:00:03:24,707 --> 00:03:28,020
null
null
null
[ '00:03:28,020 --> 00:03:34,060' ]
timeline:00:03:28,020 --> 00:03:34,060
null
null
null
null
[ '00:03:34,179 --> 00:03:37,181' ]
timeline:00:03:34,179 --> 00:03:37,181
null
null
null
[ '00:03:37,181 --> 00:03:41,383' ]
timeline:00:03:37,181 --> 00:03:41,383
null
null
null
[ '00:03:41,383 --> 00:03:43,649' ]
timeline:00:03:41,383 --> 00:03:43,649
null
null
null
[ '00:03:43,649 --> 00:03:46,397' ]
timeline:00:03:43,649 --> 00:03:46,397
null
null
null
[ '00:03:46,397 --> 00:03:48,419' ]
timeline:00:03:46,397 --> 00:03:48,419
null
null
null
[ '00:03:49,039 --> 00:03:51,520' ]
timeline:00:03:49,039 --> 00:03:51,520
null
null
null
[ '00:03:51,520 --> 00:03:53,841' ]
timeline:00:03:51,520 --> 00:03:53,841
null
null
null
[ '00:03:53,841 --> 00:03:56,690' ]
timeline:00:03:53,841 --> 00:03:56,690
null
null
null
[ '00:03:56,690 --> 00:03:59,363' ]
timeline:00:03:56,690 --> 00:03:59,363
null
null
null
[ '00:03:59,363 --> 00:04:01,264' ]
timeline:00:03:59,363 --> 00:04:01,264
null
null
null
[ '00:04:01,264 --> 00:04:04,499' ]
timeline:00:04:01,264 --> 00:04:04,499
null
null
null
[ '00:04:06,549 --> 00:04:09,969' ]
timeline:00:04:06,549 --> 00:04:09,969
null
null
null
[ '00:04:09,969 --> 00:04:11,634' ]
timeline:00:04:09,969 --> 00:04:11,634
null
null
null
[ '00:04:11,634 --> 00:04:14,035' ]
timeline:00:04:11,634 --> 00:04:14,035
null
null
null
[ '00:04:14,035 --> 00:04:17,929' ]
timeline:00:04:14,035 --> 00:04:17,929
null
null
null
[ '00:04:17,979 --> 00:04:19,953' ]
timeline:00:04:17,979 --> 00:04:19,953
null
null
null
[ '00:04:19,953 --> 00:04:22,945' ]
timeline:00:04:19,953 --> 00:04:22,945
null
null
null
[ '00:04:22,945 --> 00:04:28,354' ]
timeline:00:04:22,945 --> 00:04:28,354
null
null
null
null
[ '00:04:28,565 --> 00:04:31,946' ]
timeline:00:04:28,565 --> 00:04:31,946
null
null
null
[ '00:04:31,946 --> 00:04:34,252' ]
timeline:00:04:31,946 --> 00:04:34,252
null
null
null
[ '00:04:34,252 --> 00:04:38,121' ]
timeline:00:04:34,252 --> 00:04:38,121
null
null
null
[ '00:04:38,121 --> 00:04:39,857' ]
timeline:00:04:38,121 --> 00:04:39,857
null
null
null
[ '00:04:39,857 --> 00:04:42,730' ]
timeline:00:04:39,857 --> 00:04:42,730
null
null
null
null
[ '00:04:42,730 --> 00:04:45,303' ]
timeline:00:04:42,730 --> 00:04:45,303
null
null
null
[ '00:04:45,303 --> 00:04:47,456' ]
timeline:00:04:45,303 --> 00:04:47,456
null
null
null
[ '00:04:47,456 --> 00:04:49,825' ]
timeline:00:04:47,456 --> 00:04:49,825
null
null
null
[ '00:04:49,825 --> 00:04:53,134' ]
timeline:00:04:49,825 --> 00:04:53,134
null
null
null
null
[ '00:04:53,134 --> 00:04:55,678' ]
timeline:00:04:53,134 --> 00:04:55,678
null
null
null
[ '00:04:55,678 --> 00:04:58,113' ]
timeline:00:04:55,678 --> 00:04:58,113
null
null
null
[ '00:05:00,503 --> 00:05:02,937' ]
timeline:00:05:00,503 --> 00:05:02,937
null
null
null
[ '00:05:02,937 --> 00:05:06,437' ]
timeline:00:05:02,937 --> 00:05:06,437
null
null
null
[ '00:05:06,437 --> 00:05:07,804' ]
timeline:00:05:06,437 --> 00:05:07,804
null
null
null
[ '00:05:07,804 --> 00:05:10,670' ]
timeline:00:05:07,804 --> 00:05:10,670
null
null
null
[ '00:05:10,670 --> 00:05:13,108' ]
timeline:00:05:10,670 --> 00:05:13,108
null
null
null
[ '00:05:13,108 --> 00:05:15,647' ]
timeline:00:05:13,108 --> 00:05:15,647
null
null
null
[ '00:05:15,647 --> 00:05:19,483' ]
timeline:00:05:15,647 --> 00:05:19,483
null
null
null
[ '00:05:19,483 --> 00:05:21,530' ]
timeline:00:05:19,483 --> 00:05:21,530
null
null
null
[ '00:05:21,530 --> 00:05:24,938' ]
timeline:00:05:21,530 --> 00:05:24,938
null
null
null
[ '00:05:24,938 --> 00:05:27,755' ]
timeline:00:05:24,938 --> 00:05:27,755
null
null
null
[ '00:05:27,755 --> 00:05:31,422' ]
timeline:00:05:27,755 --> 00:05:31,422
null
null
null
[ '00:05:31,422 --> 00:05:37,240' ]
timeline:00:05:31,422 --> 00:05:37,240
null
null
null
null
[ '00:05:37,410 --> 00:05:39,123' ]
timeline:00:05:37,410 --> 00:05:39,123
null
null
null
[ '00:05:39,123 --> 00:05:42,243' ]
timeline:00:05:39,123 --> 00:05:42,243
null
null
null
[ '00:05:44,673 --> 00:05:49,552' ]
timeline:00:05:44,673 --> 00:05:49,552
null
null
null
[ '00:05:49,701 --> 00:05:57,336' ]
timeline:00:05:49,701 --> 00:05:57,336
null
null
null
null
[ '00:05:57,507 --> 00:06:01,073' ]
timeline:00:05:57,507 --> 00:06:01,073
null
null
null
[ '00:06:01,073 --> 00:06:04,777' ]
timeline:00:06:01,073 --> 00:06:04,777
null
null
null
[ '00:06:04,777 --> 00:06:08,578' ]
timeline:00:06:04,777 --> 00:06:08,578
null
null
null
[ '00:06:08,578 --> 00:06:11,514' ]
timeline:00:06:08,578 --> 00:06:11,514
null
null
null
[ '00:06:11,514 --> 00:06:15,411' ]
timeline:00:06:11,514 --> 00:06:15,411
null
null
null
[ '00:06:15,411 --> 00:06:16,952' ]
timeline:00:06:15,411 --> 00:06:16,952
null
null
null
[ '00:06:16,952 --> 00:06:19,354' ]
timeline:00:06:16,952 --> 00:06:19,354
null
null
null
[ '00:06:19,354 --> 00:06:21,387' ]
timeline:00:06:19,354 --> 00:06:21,387
null
null
null
[ '00:06:21,387 --> 00:06:23,821' ]
timeline:00:06:21,387 --> 00:06:23,821
null
null
null
[ '00:06:23,821 --> 00:06:27,082' ]
timeline:00:06:23,821 --> 00:06:27,082
null
null
null
[ '00:06:29,232 --> 00:06:31,927' ]
timeline:00:06:29,232 --> 00:06:31,927
null
null
null
[ '00:06:31,927 --> 00:06:39,990' ]
timeline:00:06:31,927 --> 00:06:39,990
null
null
null
null
[ '00:06:40,269 --> 00:06:43,602' ]
timeline:00:06:40,269 --> 00:06:43,602
null
null
null
[ '00:06:43,602 --> 00:06:46,403' ]
timeline:00:06:43,602 --> 00:06:46,403
null
null
null
[ '00:06:46,403 --> 00:06:48,138' ]
timeline:00:06:46,403 --> 00:06:48,138
null
null
null
[ '00:06:48,138 --> 00:06:52,337' ]
timeline:00:06:48,138 --> 00:06:52,337
null
null
null
null
[ '00:06:52,743 --> 00:06:56,712' ]
timeline:00:06:52,743 --> 00:06:56,712
null
null
null
null
[ '00:06:56,712 --> 00:06:59,191' ]
timeline:00:06:56,712 --> 00:06:59,191
null
null
null
[ '00:06:59,191 --> 00:07:01,913' ]
timeline:00:06:59,191 --> 00:07:01,913
null
null
null
[ '00:07:01,913 --> 00:07:04,250' ]
timeline:00:07:01,913 --> 00:07:04,250
null
null
null
[ '00:07:04,250 --> 00:07:06,951' ]
timeline:00:07:04,250 --> 00:07:06,951
null
null
null
null
[ '00:07:06,951 --> 00:07:09,915' ]
timeline:00:07:06,951 --> 00:07:09,915
null
null
null
[ '00:07:09,915 --> 00:07:12,508' ]
timeline:00:07:09,915 --> 00:07:12,508
null
null
null
null
[ '00:07:12,508 --> 00:07:16,144' ]
timeline:00:07:12,508 --> 00:07:16,144
null
null
null
[ '00:07:16,222 --> 00:07:18,257' ]
timeline:00:07:16,222 --> 00:07:18,257
null
null
null
[ '00:07:18,257 --> 00:07:19,857' ]
timeline:00:07:18,257 --> 00:07:19,857
null
null
null
[ '00:07:19,857 --> 00:07:22,861' ]
timeline:00:07:19,857 --> 00:07:22,861
null
null
null
[ '00:07:22,861 --> 00:07:25,228' ]
timeline:00:07:22,861 --> 00:07:25,228
null
null
null
[ '00:07:25,228 --> 00:07:27,730' ]
timeline:00:07:25,228 --> 00:07:27,730
null
null
null
[ '00:07:27,730 --> 00:07:30,333' ]
timeline:00:07:27,730 --> 00:07:30,333
null
null
null
[ '00:07:30,333 --> 00:07:32,235' ]
timeline:00:07:30,333 --> 00:07:32,235
null
null
null
[ '00:07:32,235 --> 00:07:36,364' ]
timeline:00:07:32,235 --> 00:07:36,364
null
null
null
null
[ '00:07:36,435 --> 00:07:38,403' ]
timeline:00:07:36,435 --> 00:07:38,403
null
null
null
[ '00:07:38,403 --> 00:07:41,805' ]
timeline:00:07:38,403 --> 00:07:41,805
null
null
null
[ '00:07:41,805 --> 00:07:46,956' ]
timeline:00:07:41,805 --> 00:07:46,956
null
null
null
null
[ '00:07:47,028 --> 00:07:51,147' ]
timeline:00:07:47,028 --> 00:07:51,147
null
null
null
[ '00:07:51,147 --> 00:07:54,813' ]
timeline:00:07:51,147 --> 00:07:54,813
null
null
null
null
[ '00:07:54,813 --> 00:07:58,300' ]
timeline:00:07:54,813 --> 00:07:58,300
null
null
null
[ '00:07:58,960 --> 00:08:01,417' ]
timeline:00:07:58,960 --> 00:08:01,417
null
null
null
[ '00:08:01,417 --> 00:08:03,386' ]
timeline:00:08:01,417 --> 00:08:03,386
null
null
null
[ '00:08:03,386 --> 00:08:07,136' ]
timeline:00:08:03,386 --> 00:08:07,136
null
null
null
[ '00:08:07,136 --> 00:08:09,646' ]
timeline:00:08:07,136 --> 00:08:09,646
null
null
null
[ '00:08:09,646 --> 00:08:13,057' ]
timeline:00:08:09,646 --> 00:08:13,057
null
null
null
null
[ '00:08:13,057 --> 00:08:16,727' ]
timeline:00:08:13,057 --> 00:08:16,727
null
null
null
[ '00:08:16,727 --> 00:08:20,129' ]
timeline:00:08:16,727 --> 00:08:20,129
null
null
null
[ '00:08:20,129 --> 00:08:24,297' ]
timeline:00:08:20,129 --> 00:08:24,297
null
null
null
[ '00:08:24,297 --> 00:08:27,667' ]
timeline:00:08:24,297 --> 00:08:27,667
null
null
null
[ '00:08:27,667 --> 00:08:32,732' ]
timeline:00:08:27,667 --> 00:08:32,732
null
null
null
null
[ '00:08:32,801 --> 00:08:35,468' ]
timeline:00:08:32,801 --> 00:08:35,468
null
null
null
[ '00:08:35,470 --> 00:08:37,696' ]
timeline:00:08:35,470 --> 00:08:37,696
null
null
null
[ '00:08:37,696 --> 00:08:41,238' ]
timeline:00:08:37,696 --> 00:08:41,238
null
null
null
[ '00:08:41,238 --> 00:08:43,366' ]
timeline:00:08:41,238 --> 00:08:43,366
null
null
null
[ '00:08:43,366 --> 00:08:48,403' ]
timeline:00:08:43,366 --> 00:08:48,403
null
null
null
null
[ '00:08:48,749 --> 00:08:52,149' ]
timeline:00:08:48,749 --> 00:08:52,149
null
null
null
[ '00:08:52,149 --> 00:08:54,652' ]
timeline:00:08:52,149 --> 00:08:54,652
null
null
null
[ '00:08:54,652 --> 00:08:56,586' ]
timeline:00:08:54,652 --> 00:08:56,586
null
null
null
[ '00:08:56,586 --> 00:08:59,055' ]
timeline:00:08:56,586 --> 00:08:59,055
null
null
null
[ '00:08:59,055 --> 00:09:03,316' ]
timeline:00:08:59,055 --> 00:09:03,316
null
null
null
null
[ '00:09:03,824 --> 00:09:09,709' ]
timeline:00:09:03,824 --> 00:09:09,709
null
null
null
null
[ '00:09:09,859 --> 00:09:11,762' ]
timeline:00:09:09,859 --> 00:09:11,762
null
null
null
[ '00:09:11,762 --> 00:09:16,894' ]
timeline:00:09:11,762 --> 00:09:16,894
null
null
null
null
[ '00:09:19,091 --> 00:09:23,971' ]
timeline:00:09:19,091 --> 00:09:23,971
null
null
null
[ '00:09:24,170 --> 00:09:26,406' ]
timeline:00:09:24,170 --> 00:09:26,406
null
null
null
[ '00:09:26,406 --> 00:09:28,641' ]
timeline:00:09:26,406 --> 00:09:28,641
null
null
null
[ '00:09:28,641 --> 00:09:34,262' ]
timeline:00:09:28,641 --> 00:09:34,262
null
null
null
null
[ '00:09:34,565 --> 00:09:35,675' ]
timeline:00:09:34,565 --> 00:09:35,675
null
null
finished traversing chinese subtitle
count of blocks in english subtitle:210
count of blocks in chinese subtitle:179
comparing english and chinese subtitles
index:0
english: 00:00:00,160 --> 00:00:03,058  chinese: 00:00:07,068 --> 00:00:09,316
index:1
english: 00:00:07,068 --> 00:00:09,316  chinese: 00:00:09,316 --> 00:00:12,218
index:2
english: 00:00:09,316 --> 00:00:12,218  chinese: 00:00:12,218 --> 00:00:15,787
index:3
english: 00:00:12,218 --> 00:00:15,787  chinese: 00:00:15,787 --> 00:00:19,721
index:4
english: 00:00:15,787 --> 00:00:19,721  chinese: 00:00:20,621 --> 00:00:24,457
index:5
english: 00:00:20,621 --> 00:00:24,457  chinese: 00:00:24,457 --> 00:00:28,036
index:6
english: 00:00:24,457 --> 00:00:28,036  chinese: 00:00:28,036 --> 00:00:31,790
index:7
english: 00:00:28,036 --> 00:00:29,826  chinese: 00:00:31,995 --> 00:00:33,921
index:8
english: 00:00:29,826 --> 00:00:31,995  chinese: 00:00:33,921 --> 00:00:35,731
index:9
english: 00:00:31,995 --> 00:00:33,921  chinese: 00:00:35,731 --> 00:00:38,634
index:10
english: 00:00:33,921 --> 00:00:35,731  chinese: 00:00:38,634 --> 00:00:40,168
index:11
english: 00:00:35,731 --> 00:00:38,634  chinese: 00:00:40,168 --> 00:00:42,792
index:12
english: 00:00:38,634 --> 00:00:40,168  chinese: 00:00:42,792 --> 00:00:44,651
index:13
english: 00:00:40,168 --> 00:00:42,792  chinese: 00:00:44,651 --> 00:00:47,214
index:14
english: 00:00:42,792 --> 00:00:44,651  chinese: 00:00:47,214 --> 00:00:48,934
index:15
english: 00:00:44,651 --> 00:00:47,214  chinese: 00:00:48,934 --> 00:00:52,340
index:16
english: 00:00:47,214 --> 00:00:48,934  chinese: 00:00:52,340 --> 00:00:54,158
index:17
english: 00:00:48,934 --> 00:00:52,340  chinese: 00:00:54,158 --> 00:00:57,279
index:18
english: 00:00:52,340 --> 00:00:54,158  chinese: 00:00:57,279 --> 00:01:01,518
index:19
english: 00:00:54,158 --> 00:00:57,279  chinese: 00:01:01,783 --> 00:01:03,784
index:20
english: 00:00:57,279 --> 00:00:59,282  chinese: 00:01:03,784 --> 00:01:05,551
index:21
english: 00:00:59,282 --> 00:01:01,783  chinese: 00:01:05,551 --> 00:01:08,622
index:22
english: 00:01:01,783 --> 00:01:03,784  chinese: 00:01:08,622 --> 00:01:11,655
index:23
english: 00:01:03,784 --> 00:01:05,551  chinese: 00:01:11,655 --> 00:01:14,325
index:24
english: 00:01:05,551 --> 00:01:08,622  chinese: 00:01:14,325 --> 00:01:17,760
index:25
english: 00:01:08,622 --> 00:01:11,655  chinese: 00:01:17,760 --> 00:01:20,558
index:26
english: 00:01:11,655 --> 00:01:14,325  chinese: 00:01:20,558 --> 00:01:22,924
index:27
english: 00:01:14,325 --> 00:01:17,760  chinese: 00:01:22,924 --> 00:01:27,265
index:28
english: 00:01:17,760 --> 00:01:20,558  chinese: 00:01:27,265 --> 00:01:30,199
index:29
english: 00:01:20,558 --> 00:01:22,924  chinese: 00:01:30,199 --> 00:01:33,499
index:30
english: 00:01:22,924 --> 00:01:27,265  chinese: 00:01:33,499 --> 00:01:35,048
index:31
english: 00:01:27,265 --> 00:01:30,199  chinese: 00:01:35,048 --> 00:01:38,239
index:32
english: 00:01:30,199 --> 00:01:33,499  chinese: 00:01:38,239 --> 00:01:40,373
index:33
english: 00:01:33,499 --> 00:01:35,048  chinese: 00:01:40,373 --> 00:01:42,577
index:34
english: 00:01:35,048 --> 00:01:38,239  chinese: 00:01:42,577 --> 00:01:45,212
index:35
english: 00:01:38,239 --> 00:01:40,373  chinese: 00:01:45,212 --> 00:01:48,015
index:36
english: 00:01:40,373 --> 00:01:42,577  chinese: 00:01:48,015 --> 00:01:50,729
index:37
english: 00:01:42,577 --> 00:01:45,212  chinese: 00:01:51,869 --> 00:01:55,505
index:38
english: 00:01:45,212 --> 00:01:48,015  chinese: 00:01:55,505 --> 00:01:57,666
index:39
english: 00:01:48,015 --> 00:01:50,729  chinese: 00:01:57,666 --> 00:02:02,822
index:40
english: 00:01:51,869 --> 00:01:55,505  chinese: 00:02:02,822 --> 00:02:05,561
index:41
english: 00:01:55,505 --> 00:01:57,666  chinese: 00:02:05,561 --> 00:02:08,691
index:42
english: 00:01:57,666 --> 00:02:02,822  chinese: 00:02:08,691 --> 00:02:11,554
index:43
english: 00:02:02,822 --> 00:02:05,561  chinese: 00:02:11,554 --> 00:02:13,261
index:44
english: 00:02:05,561 --> 00:02:08,691  chinese: 00:02:13,261 --> 00:02:20,718
index:45
english: 00:02:08,691 --> 00:02:11,554  chinese: 00:02:20,923 --> 00:02:22,671
index:46
english: 00:02:11,554 --> 00:02:13,261  chinese: 00:02:22,671 --> 00:02:26,602
index:47
english: 00:02:13,261 --> 00:02:16,231  chinese: 00:02:26,602 --> 00:02:29,406
index:48
english: 00:02:16,231 --> 00:02:18,697  chinese: 00:02:29,406 --> 00:02:31,040
index:49
english: 00:02:18,697 --> 00:02:20,923  chinese: 00:02:31,040 --> 00:02:33,041
index:50
english: 00:02:20,923 --> 00:02:22,671  chinese: 00:02:33,041 --> 00:02:38,858
index:51
english: 00:02:22,671 --> 00:02:26,602  chinese: 00:02:38,986 --> 00:02:41,656
index:52
english: 00:02:26,602 --> 00:02:29,406  chinese: 00:02:41,656 --> 00:02:43,314
index:53
english: 00:02:29,406 --> 00:02:31,040  chinese: 00:02:43,314 --> 00:02:47,534
index:54
english: 00:02:31,040 --> 00:02:33,041  chinese: 00:02:47,783 --> 00:02:49,785
index:55
english: 00:02:33,041 --> 00:02:35,099  chinese: 00:02:49,785 --> 00:02:52,700
index:56
english: 00:02:35,099 --> 00:02:37,156  chinese: 00:02:52,700 --> 00:02:55,222
index:57
english: 00:02:38,986 --> 00:02:41,656  chinese: 00:02:55,222 --> 00:02:58,326
index:58
english: 00:02:41,656 --> 00:02:43,314  chinese: 00:02:58,326 --> 00:03:01,460
index:59
english: 00:02:43,314 --> 00:02:45,861  chinese: 00:03:01,460 --> 00:03:03,328
index:60
english: 00:02:45,861 --> 00:02:47,783  chinese: 00:03:03,328 --> 00:03:07,910
index:61
english: 00:02:47,783 --> 00:02:49,785  chinese: 00:03:08,127 --> 00:03:11,008
index:62
english: 00:02:49,785 --> 00:02:52,700  chinese: 00:03:12,836 --> 00:03:15,931
index:63
english: 00:02:52,700 --> 00:02:55,222  chinese: 00:03:15,931 --> 00:03:18,535
index:64
english: 00:02:55,222 --> 00:02:58,326  chinese: 00:03:18,535 --> 00:03:21,751
index:65
english: 00:02:58,326 --> 00:03:01,460  chinese: 00:03:21,751 --> 00:03:24,707
index:66
english: 00:03:01,460 --> 00:03:03,328  chinese: 00:03:24,707 --> 00:03:28,020
index:67
english: 00:03:03,328 --> 00:03:06,436  chinese: 00:03:28,020 --> 00:03:34,060
index:68
english: 00:03:06,436 --> 00:03:08,127  chinese: 00:03:34,179 --> 00:03:37,181
index:69
english: 00:03:08,127 --> 00:03:11,008  chinese: 00:03:37,181 --> 00:03:41,383
index:70
english: 00:03:12,836 --> 00:03:15,931  chinese: 00:03:41,383 --> 00:03:43,649
index:71
english: 00:03:15,931 --> 00:03:18,535  chinese: 00:03:43,649 --> 00:03:46,397
index:72
english: 00:03:18,535 --> 00:03:21,751  chinese: 00:03:46,397 --> 00:03:48,419
index:73
english: 00:03:21,751 --> 00:03:24,707  chinese: 00:03:49,039 --> 00:03:51,520
index:74
english: 00:03:24,707 --> 00:03:28,020  chinese: 00:03:51,520 --> 00:03:53,841
index:75
english: 00:03:28,020 --> 00:03:30,346  chinese: 00:03:53,841 --> 00:03:56,690
index:76
english: 00:03:30,346 --> 00:03:31,943  chinese: 00:03:56,690 --> 00:03:59,363
index:77
english: 00:03:31,943 --> 00:03:34,179  chinese: 00:03:59,363 --> 00:04:01,264
index:78
english: 00:03:34,179 --> 00:03:37,181  chinese: 00:04:01,264 --> 00:04:04,499
index:79
english: 00:03:37,181 --> 00:03:41,383  chinese: 00:04:06,549 --> 00:04:09,969
index:80
english: 00:03:41,383 --> 00:03:43,649  chinese: 00:04:09,969 --> 00:04:11,634
index:81
english: 00:03:43,649 --> 00:03:46,397  chinese: 00:04:11,634 --> 00:04:14,035
index:82
english: 00:03:46,397 --> 00:03:48,419  chinese: 00:04:14,035 --> 00:04:17,929
index:83
english: 00:03:49,039 --> 00:03:51,520  chinese: 00:04:17,979 --> 00:04:19,953
index:84
english: 00:03:51,520 --> 00:03:53,841  chinese: 00:04:19,953 --> 00:04:22,945
index:85
english: 00:03:53,841 --> 00:03:56,690  chinese: 00:04:22,945 --> 00:04:28,354
index:86
english: 00:03:56,690 --> 00:03:59,363  chinese: 00:04:28,565 --> 00:04:31,946
index:87
english: 00:03:59,363 --> 00:04:01,264  chinese: 00:04:31,946 --> 00:04:34,252
index:88
english: 00:04:01,264 --> 00:04:04,499  chinese: 00:04:34,252 --> 00:04:38,121
index:89
english: 00:04:06,549 --> 00:04:09,969  chinese: 00:04:38,121 --> 00:04:39,857
index:90
english: 00:04:09,969 --> 00:04:11,634  chinese: 00:04:39,857 --> 00:04:42,730
index:91
english: 00:04:11,634 --> 00:04:14,035  chinese: 00:04:42,730 --> 00:04:45,303
index:92
english: 00:04:14,035 --> 00:04:16,469  chinese: 00:04:45,303 --> 00:04:47,456
index:93
english: 00:04:16,469 --> 00:04:17,979  chinese: 00:04:47,456 --> 00:04:49,825
index:94
english: 00:04:17,979 --> 00:04:19,953  chinese: 00:04:49,825 --> 00:04:53,134
index:95
english: 00:04:19,953 --> 00:04:22,945  chinese: 00:04:53,134 --> 00:04:55,678
index:96
english: 00:04:22,945 --> 00:04:27,113  chinese: 00:04:55,678 --> 00:04:58,113
index:97
english: 00:04:27,113 --> 00:04:28,565  chinese: 00:05:00,503 --> 00:05:02,937
index:98
english: 00:04:28,565 --> 00:04:31,946  chinese: 00:05:02,937 --> 00:05:06,437
index:99
english: 00:04:31,946 --> 00:04:34,252  chinese: 00:05:06,437 --> 00:05:07,804
index:100
english: 00:04:34,252 --> 00:04:38,121  chinese: 00:05:07,804 --> 00:05:10,670
index:101
english: 00:04:38,121 --> 00:04:39,857  chinese: 00:05:10,670 --> 00:05:13,108
index:102
english: 00:04:39,857 --> 00:04:42,730  chinese: 00:05:13,108 --> 00:05:15,647
index:103
english: 00:04:42,730 --> 00:04:45,303  chinese: 00:05:15,647 --> 00:05:19,483
index:104
english: 00:04:45,303 --> 00:04:47,456  chinese: 00:05:19,483 --> 00:05:21,530
index:105
english: 00:04:47,456 --> 00:04:49,825  chinese: 00:05:21,530 --> 00:05:24,938
index:106
english: 00:04:49,825 --> 00:04:53,134  chinese: 00:05:24,938 --> 00:05:27,755
index:107
english: 00:04:53,134 --> 00:04:55,678  chinese: 00:05:27,755 --> 00:05:31,422
index:108
english: 00:04:55,678 --> 00:04:58,113  chinese: 00:05:31,422 --> 00:05:37,240
index:109
english: 00:05:00,503 --> 00:05:02,937  chinese: 00:05:37,410 --> 00:05:39,123
index:110
english: 00:05:02,937 --> 00:05:06,437  chinese: 00:05:39,123 --> 00:05:42,243
index:111
english: 00:05:06,437 --> 00:05:07,804  chinese: 00:05:44,673 --> 00:05:49,552
index:112
english: 00:05:07,804 --> 00:05:10,670  chinese: 00:05:49,701 --> 00:05:57,336
index:113
english: 00:05:10,670 --> 00:05:13,108  chinese: 00:05:57,507 --> 00:06:01,073
index:114
english: 00:05:13,108 --> 00:05:15,647  chinese: 00:06:01,073 --> 00:06:04,777
index:115
english: 00:05:15,647 --> 00:05:19,483  chinese: 00:06:04,777 --> 00:06:08,578
index:116
english: 00:05:19,483 --> 00:05:21,530  chinese: 00:06:08,578 --> 00:06:11,514
index:117
english: 00:05:21,530 --> 00:05:24,938  chinese: 00:06:11,514 --> 00:06:15,411
index:118
english: 00:05:24,938 --> 00:05:27,755  chinese: 00:06:15,411 --> 00:06:16,952
index:119
english: 00:05:27,755 --> 00:05:31,422  chinese: 00:06:16,952 --> 00:06:19,354
index:120
english: 00:05:31,422 --> 00:05:34,725  chinese: 00:06:19,354 --> 00:06:21,387
index:121
english: 00:05:34,725 --> 00:05:37,410  chinese: 00:06:21,387 --> 00:06:23,821
index:122
english: 00:05:37,410 --> 00:05:39,123  chinese: 00:06:23,821 --> 00:06:27,082
index:123
english: 00:05:39,123 --> 00:05:42,243  chinese: 00:06:29,232 --> 00:06:31,927
index:124
english: 00:05:44,673 --> 00:05:48,066  chinese: 00:06:31,927 --> 00:06:39,990
index:125
english: 00:05:48,066 --> 00:05:49,701  chinese: 00:06:40,269 --> 00:06:43,602
index:126
english: 00:05:49,701 --> 00:05:52,703  chinese: 00:06:43,602 --> 00:06:46,403
index:127
english: 00:05:52,703 --> 00:05:55,767  chinese: 00:06:46,403 --> 00:06:48,138
index:128
english: 00:05:55,767 --> 00:05:57,507  chinese: 00:06:48,138 --> 00:06:52,337
index:129
english: 00:05:57,507 --> 00:06:01,073  chinese: 00:06:52,743 --> 00:06:56,712
index:130
english: 00:06:01,073 --> 00:06:04,777  chinese: 00:06:56,712 --> 00:06:59,191
index:131
english: 00:06:04,777 --> 00:06:08,578  chinese: 00:06:59,191 --> 00:07:01,913
index:132
english: 00:06:08,578 --> 00:06:11,514  chinese: 00:07:01,913 --> 00:07:04,250
index:133
english: 00:06:11,514 --> 00:06:15,411  chinese: 00:07:04,250 --> 00:07:06,951
index:134
english: 00:06:15,411 --> 00:06:16,952  chinese: 00:07:06,951 --> 00:07:09,915
index:135
english: 00:06:16,952 --> 00:06:19,354  chinese: 00:07:09,915 --> 00:07:12,508
index:136
english: 00:06:19,354 --> 00:06:21,387  chinese: 00:07:12,508 --> 00:07:16,144
index:137
english: 00:06:21,387 --> 00:06:23,821  chinese: 00:07:16,222 --> 00:07:18,257
index:138
english: 00:06:23,821 --> 00:06:27,082  chinese: 00:07:18,257 --> 00:07:19,857
index:139
english: 00:06:29,232 --> 00:06:31,927  chinese: 00:07:19,857 --> 00:07:22,861
index:140
english: 00:06:31,927 --> 00:06:36,001  chinese: 00:07:22,861 --> 00:07:25,228
index:141
english: 00:06:36,001 --> 00:06:38,100  chinese: 00:07:25,228 --> 00:07:27,730
index:142
english: 00:06:38,100 --> 00:06:40,269  chinese: 00:07:27,730 --> 00:07:30,333
index:143
english: 00:06:40,269 --> 00:06:43,602  chinese: 00:07:30,333 --> 00:07:32,235
index:144
english: 00:06:43,602 --> 00:06:46,403  chinese: 00:07:32,235 --> 00:07:36,364
index:145
english: 00:06:46,403 --> 00:06:48,138  chinese: 00:07:36,435 --> 00:07:38,403
index:146
english: 00:06:48,138 --> 00:06:50,205  chinese: 00:07:38,403 --> 00:07:41,805
index:147
english: 00:06:50,205 --> 00:06:52,743  chinese: 00:07:41,805 --> 00:07:46,956
index:148
english: 00:06:52,743 --> 00:06:56,712  chinese: 00:07:47,028 --> 00:07:51,147
index:149
english: 00:06:56,712 --> 00:06:59,191  chinese: 00:07:51,147 --> 00:07:54,813
index:150
english: 00:06:59,191 --> 00:07:01,913  chinese: 00:07:54,813 --> 00:07:58,300
index:151
english: 00:07:01,913 --> 00:07:04,250  chinese: 00:07:58,960 --> 00:08:01,417
index:152
english: 00:07:04,250 --> 00:07:06,951  chinese: 00:08:01,417 --> 00:08:03,386
index:153
english: 00:07:06,951 --> 00:07:09,915  chinese: 00:08:03,386 --> 00:08:07,136
index:154
english: 00:07:09,915 --> 00:07:12,508  chinese: 00:08:07,136 --> 00:08:09,646
index:155
english: 00:07:12,508 --> 00:07:13,966  chinese: 00:08:09,646 --> 00:08:13,057
index:156
english: 00:07:13,966 --> 00:07:16,222  chinese: 00:08:13,057 --> 00:08:16,727
index:157
english: 00:07:16,222 --> 00:07:18,257  chinese: 00:08:16,727 --> 00:08:20,129
index:158
english: 00:07:18,257 --> 00:07:19,857  chinese: 00:08:20,129 --> 00:08:24,297
index:159
english: 00:07:19,857 --> 00:07:22,861  chinese: 00:08:24,297 --> 00:08:27,667
index:160
english: 00:07:22,861 --> 00:07:25,228  chinese: 00:08:27,667 --> 00:08:32,732
index:161
english: 00:07:25,228 --> 00:07:27,730  chinese: 00:08:32,801 --> 00:08:35,468
index:162
english: 00:07:27,730 --> 00:07:30,333  chinese: 00:08:35,470 --> 00:08:37,696
index:163
english: 00:07:30,333 --> 00:07:32,235  chinese: 00:08:37,696 --> 00:08:41,238
index:164
english: 00:07:32,235 --> 00:07:34,377  chinese: 00:08:41,238 --> 00:08:43,366
index:165
english: 00:07:34,377 --> 00:07:36,435  chinese: 00:08:43,366 --> 00:08:48,403
index:166
english: 00:07:36,435 --> 00:07:38,403  chinese: 00:08:48,749 --> 00:08:52,149
index:167
english: 00:07:38,403 --> 00:07:41,805  chinese: 00:08:52,149 --> 00:08:54,652
index:168
english: 00:07:41,805 --> 00:07:43,808  chinese: 00:08:54,652 --> 00:08:56,586
index:169
english: 00:07:43,808 --> 00:07:47,028  chinese: 00:08:56,586 --> 00:08:59,055
index:170
english: 00:07:47,028 --> 00:07:51,147  chinese: 00:08:59,055 --> 00:09:03,316
index:171
english: 00:07:51,147 --> 00:07:54,813  chinese: 00:09:03,824 --> 00:09:09,709
index:172
english: 00:07:54,813 --> 00:07:58,300  chinese: 00:09:09,859 --> 00:09:11,762
index:173
english: 00:07:58,960 --> 00:08:01,417  chinese: 00:09:11,762 --> 00:09:16,894
index:174
english: 00:08:01,417 --> 00:08:03,386  chinese: 00:09:19,091 --> 00:09:23,971
index:175
english: 00:08:03,386 --> 00:08:07,136  chinese: 00:09:24,170 --> 00:09:26,406
index:176
english: 00:08:07,136 --> 00:08:09,646  chinese: 00:09:26,406 --> 00:09:28,641
index:177
english: 00:08:09,646 --> 00:08:13,057  chinese: 00:09:28,641 --> 00:09:34,262
index:178
english: 00:08:13,057 --> 00:08:16,727  chinese: 00:09:34,565 --> 00:09:35,675
compare completed
